{
  "stats": {
    "suites": 1,
    "tests": 1,
    "passes": 1,
    "pending": 0,
    "failures": 0,
    "start": "2022-08-05T06:27:45.785Z",
    "end": "2022-08-05T06:27:53.970Z",
    "duration": 7951,
    "testsRegistered": 1,
    "passPercent": 100,
    "pendingPercent": 0,
    "other": 0,
    "hasOther": false,
    "skipped": 0,
    "hasSkipped": false
  },
  "results": [
    {
      "uuid": "0344151c-0c40-43b7-bb99-bc5baeabc901",
      "title": "",
      "fullFile": "cypress\\e2e\\testcases\\TC-OpenAccounttest.spec.cy.js",
      "file": "cypress\\e2e\\testcases\\TC-OpenAccounttest.spec.cy.js",
      "beforeHooks": [],
      "afterHooks": [],
      "tests": [],
      "suites": [
        {
          "uuid": "8cb9ab5c-5398-4e3f-9de7-4388a29d53d9",
          "title": "Adding a new customer",
          "fullFile": "",
          "file": "",
          "beforeHooks": [],
          "afterHooks": [],
          "tests": [
            {
              "title": "Addcustomerdetails",
              "fullTitle": "Adding a new customer Addcustomerdetails",
              "timedOut": null,
              "duration": 7951,
              "state": "passed",
              "speed": "medium",
              "pass": true,
              "fail": false,
              "pending": false,
              "context": null,
              "code": "homePage.LoginAsBankMnger();\naddcustomer.addcustomerdetails(userform.firstname, userform.lastname, userform.postcode);\naddcustomer.validateAlert(userform.alertmsg);\nopenaccount.OpenAccount(userform.currency, userform.customer);\nopenaccount.validateAlert(userform.openaccountalertmsg);",
              "err": {},
              "uuid": "512e1607-3c2d-4b96-9bc5-13ed0b1e3c89",
              "parentUUID": "8cb9ab5c-5398-4e3f-9de7-4388a29d53d9",
              "isHook": false,
              "skipped": false
            }
          ],
          "suites": [],
          "passes": [
            "512e1607-3c2d-4b96-9bc5-13ed0b1e3c89"
          ],
          "failures": [],
          "pending": [],
          "skipped": [],
          "duration": 7951,
          "root": false,
          "rootEmpty": false,
          "_timeout": 2000
        }
      ],
      "passes": [],
      "failures": [],
      "pending": [],
      "skipped": [],
      "duration": 0,
      "root": true,
      "rootEmpty": true,
      "_timeout": 2000
    }
  ],
  "meta": {
    "mocha": {
      "version": "7.0.1"
    },
    "mochawesome": {
      "options": {
        "quiet": false,
        "reportFilename": "testresults",
        "saveHtml": true,
        "saveJson": true,
        "consoleReporter": "spec",
        "useInlineDiffs": false,
        "code": true
      },
      "version": "7.1.3"
    },
    "marge": {
      "options": {
        "reportDir": "cypress/reports",
        "reportFilename": "testresults",
        "overwrite": true,
        "html": true,
        "json": true,
        "charts": true
      },
      "version": "6.2.0"
    }
  }
}